2026-07-18 00:00:30,858 [INFO] [x] 已获取签到项目列表，共 2 个
2026-07-18 00:01:21,727 [INFO] [x] 已加入执行队列：1
2026-07-18 00:01:23,494 [INFO] [x] 任务《1》签到成功，实际项目：1
2026-07-18 00:01:50,281 [INFO] [x] 已更新任务：1
2026-07-18 00:01:54,845 [INFO] [x] 已加入执行队列：1
2026-07-18 00:01:55,699 [INFO] [x] 任务《1》签到成功，实际项目：1
2026-07-18 00:02:11,667 [INFO] [x] 已更新任务：1
2026-07-18 00:02:21,141 [INFO] [x] 已加入执行队列：1
2026-07-18 00:02:29,570 [INFO] [x] 任务《1》签到成功，实际项目：1
2026-07-18 00:02:43,890 [INFO] [x] 已获取签到项目列表，共 2 个
2026-07-18 00:06:18,190 [INFO] 系统已停止
2026-07-18 00:06:18,728 [INFO] 签到 Web 管理系统已启动
2026-07-18 00:06:29,756 [INFO] 系统已停止
2026-07-18 00:06:30,309 [INFO] 签到 Web 管理系统已启动
2026-07-18 00:07:13,418 [INFO] [x] 已获取签到项目列表，共 2 个
2026-07-18 00:07:15,061 [INFO] [x] 已获取签到项目列表，共 2 个
2026-07-18 00:07:49,129 [INFO] [x] 已更新任务：1
2026-07-18 00:07:51,748 [INFO] [x] 已加入执行队列：1
2026-07-18 00:08:00,160 [INFO] [x] 任务《1》签到成功，实际项目：1
2026-07-18 00:08:04,554 [INFO] [x] 已获取签到项目列表，共 2 个
2026-07-18 00:08:22,980 [INFO] [x] 已获取签到项目列表，共 2 个
2026-07-18 00:08:55,037 [INFO] [x] 已获取签到项目列表，共 2 个
2026-07-18 00:11:27,720 [INFO] 系统已停止
2026-07-18 00:11:28,259 [INFO] 签到 Web 管理系统已启动
2026-07-18 00:11:36,228 [INFO] 系统已停止
2026-07-18 00:11:36,847 [INFO] 签到 Web 管理系统已启动
2026-07-18 00:12:14,953 [INFO] 系统已停止
2026-07-18 00:12:15,488 [INFO] 签到 Web 管理系统已启动
2026-07-18 00:12:25,034 [INFO] 系统已停止
2026-07-18 00:12:25,642 [INFO] 签到 Web 管理系统已启动
2026-07-18 00:12:34,958 [INFO] 系统已停止
2026-07-18 00:12:35,533 [INFO] 签到 Web 管理系统已启动
2026-07-18 00:15:59,974 [INFO] [x] 已获取签到项目列表，共 2 个
2026-07-18 00:16:12,469 [INFO] [x] 已更新任务：1
2026-07-18 00:16:20,416 [INFO] [x] 已获取签到项目列表，共 2 个
2026-07-18 00:16:28,468 [INFO] [x] 已加入执行队列：1
2026-07-18 00:16:51,284 [INFO] [x] 任务《1》签到成功，实际项目：1
2026-07-18 00:17:00,397 [INFO] [x] 已获取签到项目列表，共 2 个
2026-07-18 00:17:22,338 [INFO] [x] 已获取签到项目列表，共 2 个
2026-07-18 00:19:13,516 [ERROR] 请求处理失败: unconverted data remains: ，15:00:00
2026-07-18 00:19:19,910 [ERROR] 请求处理失败: unconverted data remains:  15:00:00
2026-07-18 00:19:27,601 [INFO] [x] 已更新任务：1
2026-07-18 00:19:49,735 [INFO] [x] 已获取签到项目列表，共 2 个
2026-07-18 00:20:21,123 [INFO] [x] 已获取签到项目列表，共 2 个
2026-07-18 00:20:23,454 [INFO] [x] 已获取签到项目列表，共 2 个
2026-07-18 00:21:39,873 [INFO] 系统已停止
2026-07-18 00:21:40,440 [INFO] 签到 Web 管理系统已启动
2026-07-18 00:21:43,396 [INFO] [x] 已获取签到项目列表，共 2 个
2026-07-18 00:23:08,698 [INFO] [x] 已获取签到项目列表，共 2 个
2026-07-18 00:23:13,570 [INFO] [x] 开始执行任务《1》
2026-07-18 00:23:13,571 [INFO] [x] 已加入执行队列：1
2026-07-18 00:23:13,571 [INFO] [x] 正在获取签到项目列表
2026-07-18 00:23:14,052 [INFO] [x] 获取到 2 个签到项目
2026-07-18 00:23:14,055 [INFO] [x] 选中项目序号 1，标题《1》，cid=6a5629ec112deb23308e636a
2026-07-18 00:23:14,055 [INFO] [x] 已开启位置，正在获取项目详情
2026-07-18 00:23:14,377 [INFO] [x] 获取到位置：福建省福州市仓山区高盛路仓山区高湖桥南新村222号楼(高盛路西) (26.030872, 119.34389)
2026-07-18 00:23:14,377 [INFO] [x] 任务《1》需要上传 3 张图片
2026-07-18 00:23:14,377 [INFO] [x] 正在上传第 1/3 张图片：C:\Users\ASUS\Desktop\SignIn-Vue\backend\uploads\20260718000746_d3aa265e.jpg
2026-07-18 00:23:14,377 [ERROR] 找不到图片文件: C:\Users\ASUS\Desktop\SignIn-Vue\backend\uploads\20260718000746_d3aa265e.jpg
2026-07-18 00:23:14,377 [ERROR] [x] 第 1 张图片上传失败
2026-07-18 00:23:14,377 [ERROR] [x] 任务《1》图片上传失败
2026-07-18 00:23:49,716 [INFO] [x] 已获取签到项目列表，共 2 个
2026-07-18 00:24:11,308 [INFO] [x] 已更新任务：1
2026-07-18 00:24:13,827 [INFO] [x] 已加入执行队列：1
2026-07-18 00:24:13,827 [INFO] [x] 开始执行任务《1》
2026-07-18 00:24:13,827 [INFO] [x] 正在获取签到项目列表
2026-07-18 00:24:14,142 [INFO] [x] 获取到 2 个签到项目
2026-07-18 00:24:14,142 [INFO] [x] 选中项目序号 1，标题《1》，cid=6a5629ec112deb23308e636a
2026-07-18 00:24:14,142 [INFO] [x] 已开启位置，正在获取项目详情
2026-07-18 00:24:14,449 [INFO] [x] 获取到位置：福建省福州市仓山区高盛路仓山区高湖桥南新村222号楼(高盛路西) (26.030872, 119.34389)
2026-07-18 00:24:14,449 [INFO] [x] 任务《1》需要上传 2 张图片
2026-07-18 00:24:14,449 [INFO] [x] 正在上传第 1/2 张图片：C:\Users\ASUS\Desktop\SignIn-Vue\backend\uploads\20260718002408_d6d3fd70.jpg
2026-07-18 00:24:15,089 [INFO] [x] 第 1 张图片上传成功
2026-07-18 00:24:21,592 [INFO] [x] 正在上传第 2/2 张图片：C:\Users\ASUS\Desktop\SignIn-Vue\backend\uploads\20260718002408_79796c05.jpg
2026-07-18 00:24:22,243 [INFO] [x] 第 2 张图片上传成功
2026-07-18 00:24:22,243 [INFO] [x] 构建签到请求，fill_params 包含 key：[1, 2, 6]
2026-07-18 00:24:22,243 [INFO] [x] 正在提交签到请求
2026-07-18 00:24:22,773 [ERROR] [x] 任务《1》签到失败：今天已签到
2026-07-18 00:24:22,773 [ERROR] [x] 任务《1》签到失败：今天已签到
2026-07-18 00:29:14,068 [INFO] [x] 已获取签到项目列表，共 2 个
